0 info it worked if it ends with ok
1 verbose cli [ '/usr/bin/node', '/usr/bin/npm', 'i', 'joi' ]
2 info using npm@3.5.2
3 info using node@v8.10.0
4 silly loadCurrentTree Starting
5 silly install loadCurrentTree
6 silly install readLocalPackageData
7 silly fetchPackageMetaData joi
8 silly fetchNamedPackageData joi
9 silly mapToRegistry name joi
10 silly mapToRegistry using default registry
11 silly mapToRegistry registry https://registry.npmjs.org/
12 silly mapToRegistry uri https://registry.npmjs.org/joi
13 verbose request uri https://registry.npmjs.org/joi
14 verbose request no auth needed
15 info attempt registry request try #1 at 5:59:10 PM
16 verbose request id d69dd8beea463886
17 verbose etag W/"153b714b9361b22f487c81cf83a8e8c8"
18 verbose lastModified Sat, 03 Nov 2018 08:37:23 GMT
19 http request GET https://registry.npmjs.org/joi
20 http 304 https://registry.npmjs.org/joi
21 verbose headers { date: 'Sun, 04 Nov 2018 23:59:10 GMT',
21 verbose headers   connection: 'keep-alive',
21 verbose headers   'set-cookie':
21 verbose headers    [ '__cfduid=daf19ee3344ca0bd3a47cf2c68a0dbec41541375950; expires=Mon, 04-Nov-19 23:59:10 GMT; path=/; domain=.registry.npmjs.org; HttpOnly' ],
21 verbose headers   'cf-cache-status': 'HIT',
21 verbose headers   'cache-control': 'max-age=300',
21 verbose headers   'cf-ray': '474b086a7cd89ade-DFW',
21 verbose headers   etag: '"153b714b9361b22f487c81cf83a8e8c8"',
21 verbose headers   'expect-ct': 'max-age=604800, report-uri="https://report-uri.cloudflare.com/cdn-cgi/beacon/expect-ct"',
21 verbose headers   'last-modified': 'Sat, 03 Nov 2018 08:37:23 GMT',
21 verbose headers   vary: 'accept-encoding, accept',
21 verbose headers   'x-amz-meta-rev': '697-9d82c4c080527d485e83d421e1baf502',
21 verbose headers   server: 'cloudflare' }
22 silly get cb [ 304,
22 silly get   { date: 'Sun, 04 Nov 2018 23:59:10 GMT',
22 silly get     connection: 'keep-alive',
22 silly get     'set-cookie':
22 silly get      [ '__cfduid=daf19ee3344ca0bd3a47cf2c68a0dbec41541375950; expires=Mon, 04-Nov-19 23:59:10 GMT; path=/; domain=.registry.npmjs.org; HttpOnly' ],
22 silly get     'cf-cache-status': 'HIT',
22 silly get     'cache-control': 'max-age=300',
22 silly get     'cf-ray': '474b086a7cd89ade-DFW',
22 silly get     etag: '"153b714b9361b22f487c81cf83a8e8c8"',
22 silly get     'expect-ct': 'max-age=604800, report-uri="https://report-uri.cloudflare.com/cdn-cgi/beacon/expect-ct"',
22 silly get     'last-modified': 'Sat, 03 Nov 2018 08:37:23 GMT',
22 silly get     vary: 'accept-encoding, accept',
22 silly get     'x-amz-meta-rev': '697-9d82c4c080527d485e83d421e1baf502',
22 silly get     server: 'cloudflare' } ]
23 verbose etag https://registry.npmjs.org/joi from cache
24 verbose get saving joi to /home/gaojie/.npm/registry.npmjs.org/joi/.cache.json
25 silly install normalizeTree
26 silly loadCurrentTree Finishing
27 silly loadIdealTree Starting
28 silly install loadIdealTree
29 silly cloneCurrentTree Starting
30 silly install cloneCurrentTreeToIdealTree
31 silly cloneCurrentTree Finishing
32 silly loadShrinkwrap Starting
33 silly install loadShrinkwrap
34 silly loadShrinkwrap Finishing
35 silly loadAllDepsIntoIdealTree Starting
36 silly install loadAllDepsIntoIdealTree
37 silly resolveWithNewModule joi@14.0.4 checking installable status
38 silly cache add args [ 'joi', null ]
39 verbose cache add spec joi
40 silly cache add parsed spec Result {
40 silly cache add   raw: 'joi',
40 silly cache add   scope: null,
40 silly cache add   name: 'joi',
40 silly cache add   rawSpec: '',
40 silly cache add   spec: 'latest',
40 silly cache add   type: 'tag' }
41 silly addNamed joi@latest
42 verbose addNamed "latest" is being treated as a dist-tag for joi
43 info addNameTag [ 'joi', 'latest' ]
44 silly mapToRegistry name joi
45 silly mapToRegistry using default registry
46 silly mapToRegistry registry https://registry.npmjs.org/
47 silly mapToRegistry uri https://registry.npmjs.org/joi
48 verbose addNameTag registry:https://registry.npmjs.org/joi not in flight; fetching
49 verbose get https://registry.npmjs.org/joi not expired, no request
50 silly addNameTag next cb for joi with tag latest
51 silly addNamed joi@14.0.4
52 verbose addNamed "14.0.4" is a plain semver version for joi
53 silly cache afterAdd joi@14.0.4
54 verbose afterAdd /home/gaojie/.npm/joi/14.0.4/package/package.json not in flight; writing
55 verbose afterAdd /home/gaojie/.npm/joi/14.0.4/package/package.json written
56 silly fetchNamedPackageData hoek
57 silly mapToRegistry name hoek
58 silly mapToRegistry using default registry
59 silly mapToRegistry registry https://registry.npmjs.org/
60 silly mapToRegistry uri https://registry.npmjs.org/hoek
61 silly fetchNamedPackageData isemail
62 silly mapToRegistry name isemail
63 silly mapToRegistry using default registry
64 silly mapToRegistry registry https://registry.npmjs.org/
65 silly mapToRegistry uri https://registry.npmjs.org/isemail
66 silly fetchNamedPackageData topo
67 silly mapToRegistry name topo
68 silly mapToRegistry using default registry
69 silly mapToRegistry registry https://registry.npmjs.org/
70 silly mapToRegistry uri https://registry.npmjs.org/topo
71 verbose request uri https://registry.npmjs.org/topo
72 verbose request no auth needed
73 info attempt registry request try #1 at 5:59:10 PM
74 verbose etag W/"baf7075a154dbd6080775e430b560a42"
75 verbose lastModified Sat, 03 Nov 2018 08:42:46 GMT
76 http request GET https://registry.npmjs.org/topo
77 verbose request uri https://registry.npmjs.org/hoek
78 verbose request no auth needed
79 info attempt registry request try #1 at 5:59:10 PM
80 verbose etag W/"ff5cc63ea465ba43b453951f4b44c63d"
81 verbose lastModified Sat, 03 Nov 2018 08:35:22 GMT
82 http request GET https://registry.npmjs.org/hoek
83 verbose request uri https://registry.npmjs.org/isemail
84 verbose request no auth needed
85 info attempt registry request try #1 at 5:59:10 PM
86 verbose etag W/"9ec88bfc7821b4374596433ffc3c7626"
87 verbose lastModified Thu, 18 Oct 2018 16:28:07 GMT
88 http request GET https://registry.npmjs.org/isemail
89 http 304 https://registry.npmjs.org/topo
90 verbose headers { date: 'Sun, 04 Nov 2018 23:59:10 GMT',
90 verbose headers   connection: 'keep-alive',
90 verbose headers   'set-cookie':
90 verbose headers    [ '__cfduid=daf19ee3344ca0bd3a47cf2c68a0dbec41541375950; expires=Mon, 04-Nov-19 23:59:10 GMT; path=/; domain=.registry.npmjs.org; HttpOnly' ],
90 verbose headers   'cf-cache-status': 'HIT',
90 verbose headers   'cache-control': 'max-age=300',
90 verbose headers   'cf-ray': '474b086b5e609ade-DFW',
90 verbose headers   etag: '"baf7075a154dbd6080775e430b560a42"',
90 verbose headers   'expect-ct': 'max-age=604800, report-uri="https://report-uri.cloudflare.com/cdn-cgi/beacon/expect-ct"',
90 verbose headers   'last-modified': 'Sat, 03 Nov 2018 08:42:46 GMT',
90 verbose headers   vary: 'accept-encoding, accept',
90 verbose headers   'x-amz-meta-rev': '86-e9a5fde5d97216cb5d614e16c2271c36',
90 verbose headers   server: 'cloudflare' }
91 silly get cb [ 304,
91 silly get   { date: 'Sun, 04 Nov 2018 23:59:10 GMT',
91 silly get     connection: 'keep-alive',
91 silly get     'set-cookie':
91 silly get      [ '__cfduid=daf19ee3344ca0bd3a47cf2c68a0dbec41541375950; expires=Mon, 04-Nov-19 23:59:10 GMT; path=/; domain=.registry.npmjs.org; HttpOnly' ],
91 silly get     'cf-cache-status': 'HIT',
91 silly get     'cache-control': 'max-age=300',
91 silly get     'cf-ray': '474b086b5e609ade-DFW',
91 silly get     etag: '"baf7075a154dbd6080775e430b560a42"',
91 silly get     'expect-ct': 'max-age=604800, report-uri="https://report-uri.cloudflare.com/cdn-cgi/beacon/expect-ct"',
91 silly get     'last-modified': 'Sat, 03 Nov 2018 08:42:46 GMT',
91 silly get     vary: 'accept-encoding, accept',
91 silly get     'x-amz-meta-rev': '86-e9a5fde5d97216cb5d614e16c2271c36',
91 silly get     server: 'cloudflare' } ]
92 verbose etag https://registry.npmjs.org/topo from cache
93 verbose get saving topo to /home/gaojie/.npm/registry.npmjs.org/topo/.cache.json
94 silly resolveWithNewModule topo@3.0.3 checking installable status
95 silly cache add args [ 'topo@3.x.x', null ]
96 verbose cache add spec topo@3.x.x
97 silly cache add parsed spec Result {
97 silly cache add   raw: 'topo@3.x.x',
97 silly cache add   scope: null,
97 silly cache add   name: 'topo',
97 silly cache add   rawSpec: '3.x.x',
97 silly cache add   spec: '>=3.0.0 <4.0.0',
97 silly cache add   type: 'range' }
98 silly addNamed topo@>=3.0.0 <4.0.0
99 verbose addNamed ">=3.0.0 <4.0.0" is a valid semver range for topo
100 silly addNameRange { name: 'topo', range: '>=3.0.0 <4.0.0', hasData: false }
101 silly mapToRegistry name topo
102 silly mapToRegistry using default registry
103 silly mapToRegistry registry https://registry.npmjs.org/
104 silly mapToRegistry uri https://registry.npmjs.org/topo
105 verbose addNameRange registry:https://registry.npmjs.org/topo not in flight; fetching
106 verbose get https://registry.npmjs.org/topo not expired, no request
107 silly addNameRange number 2 { name: 'topo', range: '>=3.0.0 <4.0.0', hasData: true }
108 silly addNameRange versions [ 'topo',
108 silly addNameRange   [ '1.0.0',
108 silly addNameRange     '1.0.1',
108 silly addNameRange     '1.0.2',
108 silly addNameRange     '1.0.3',
108 silly addNameRange     '1.1.0',
108 silly addNameRange     '2.0.0',
108 silly addNameRange     '2.0.1',
108 silly addNameRange     '2.0.2',
108 silly addNameRange     '3.0.0',
108 silly addNameRange     '3.0.1',
108 silly addNameRange     '3.0.2',
108 silly addNameRange     '3.0.3' ] ]
109 silly addNamed topo@3.0.3
110 verbose addNamed "3.0.3" is a plain semver version for topo
111 silly cache afterAdd topo@3.0.3
112 verbose afterAdd /home/gaojie/.npm/topo/3.0.3/package/package.json not in flight; writing
113 verbose afterAdd /home/gaojie/.npm/topo/3.0.3/package/package.json written
114 http 304 https://registry.npmjs.org/hoek
115 verbose headers { date: 'Sun, 04 Nov 2018 23:59:10 GMT',
115 verbose headers   connection: 'keep-alive',
115 verbose headers   'set-cookie':
115 verbose headers    [ '__cfduid=d8082c175eb8c0194a45e742bac6c0e9b1541375950; expires=Mon, 04-Nov-19 23:59:10 GMT; path=/; domain=.registry.npmjs.org; HttpOnly' ],
115 verbose headers   'cf-cache-status': 'HIT',
115 verbose headers   'cache-control': 'max-age=300',
115 verbose headers   'cf-ray': '474b086b88ef263b-DFW',
115 verbose headers   etag: '"ff5cc63ea465ba43b453951f4b44c63d"',
115 verbose headers   'expect-ct': 'max-age=604800, report-uri="https://report-uri.cloudflare.com/cdn-cgi/beacon/expect-ct"',
115 verbose headers   'last-modified': 'Sat, 03 Nov 2018 08:35:22 GMT',
115 verbose headers   vary: 'accept-encoding, accept',
115 verbose headers   'x-amz-meta-rev': '311-6bccb04fbd3c88c877ff048d7c49a903',
115 verbose headers   server: 'cloudflare' }
116 silly get cb [ 304,
116 silly get   { date: 'Sun, 04 Nov 2018 23:59:10 GMT',
116 silly get     connection: 'keep-alive',
116 silly get     'set-cookie':
116 silly get      [ '__cfduid=d8082c175eb8c0194a45e742bac6c0e9b1541375950; expires=Mon, 04-Nov-19 23:59:10 GMT; path=/; domain=.registry.npmjs.org; HttpOnly' ],
116 silly get     'cf-cache-status': 'HIT',
116 silly get     'cache-control': 'max-age=300',
116 silly get     'cf-ray': '474b086b88ef263b-DFW',
116 silly get     etag: '"ff5cc63ea465ba43b453951f4b44c63d"',
116 silly get     'expect-ct': 'max-age=604800, report-uri="https://report-uri.cloudflare.com/cdn-cgi/beacon/expect-ct"',
116 silly get     'last-modified': 'Sat, 03 Nov 2018 08:35:22 GMT',
116 silly get     vary: 'accept-encoding, accept',
116 silly get     'x-amz-meta-rev': '311-6bccb04fbd3c88c877ff048d7c49a903',
116 silly get     server: 'cloudflare' } ]
117 verbose etag https://registry.npmjs.org/hoek from cache
118 verbose get saving hoek to /home/gaojie/.npm/registry.npmjs.org/hoek/.cache.json
119 silly resolveWithNewModule hoek@6.0.1 checking installable status
120 silly cache add args [ 'hoek@6.x.x', null ]
121 verbose cache add spec hoek@6.x.x
122 silly cache add parsed spec Result {
122 silly cache add   raw: 'hoek@6.x.x',
122 silly cache add   scope: null,
122 silly cache add   name: 'hoek',
122 silly cache add   rawSpec: '6.x.x',
122 silly cache add   spec: '>=6.0.0 <7.0.0',
122 silly cache add   type: 'range' }
123 silly addNamed hoek@>=6.0.0 <7.0.0
124 verbose addNamed ">=6.0.0 <7.0.0" is a valid semver range for hoek
125 silly addNameRange { name: 'hoek', range: '>=6.0.0 <7.0.0', hasData: false }
126 silly mapToRegistry name hoek
127 silly mapToRegistry using default registry
128 silly mapToRegistry registry https://registry.npmjs.org/
129 silly mapToRegistry uri https://registry.npmjs.org/hoek
130 verbose addNameRange registry:https://registry.npmjs.org/hoek not in flight; fetching
131 http 304 https://registry.npmjs.org/isemail
132 verbose headers { date: 'Sun, 04 Nov 2018 23:59:10 GMT',
132 verbose headers   connection: 'keep-alive',
132 verbose headers   'set-cookie':
132 verbose headers    [ '__cfduid=d124ec097f3531443fb543853d3f5922d1541375950; expires=Mon, 04-Nov-19 23:59:10 GMT; path=/; domain=.registry.npmjs.org; HttpOnly' ],
132 verbose headers   'cf-cache-status': 'HIT',
132 verbose headers   'cache-control': 'max-age=300',
132 verbose headers   'cf-ray': '474b086b9e3b1fbe-DFW',
132 verbose headers   etag: '"9ec88bfc7821b4374596433ffc3c7626"',
132 verbose headers   'expect-ct': 'max-age=604800, report-uri="https://report-uri.cloudflare.com/cdn-cgi/beacon/expect-ct"',
132 verbose headers   'last-modified': 'Thu, 18 Oct 2018 16:28:07 GMT',
132 verbose headers   vary: 'accept-encoding, accept',
132 verbose headers   'x-amz-meta-rev': '39-7d47c100e311f9ffcc64a18ad535f8f5',
132 verbose headers   server: 'cloudflare' }
133 silly get cb [ 304,
133 silly get   { date: 'Sun, 04 Nov 2018 23:59:10 GMT',
133 silly get     connection: 'keep-alive',
133 silly get     'set-cookie':
133 silly get      [ '__cfduid=d124ec097f3531443fb543853d3f5922d1541375950; expires=Mon, 04-Nov-19 23:59:10 GMT; path=/; domain=.registry.npmjs.org; HttpOnly' ],
133 silly get     'cf-cache-status': 'HIT',
133 silly get     'cache-control': 'max-age=300',
133 silly get     'cf-ray': '474b086b9e3b1fbe-DFW',
133 silly get     etag: '"9ec88bfc7821b4374596433ffc3c7626"',
133 silly get     'expect-ct': 'max-age=604800, report-uri="https://report-uri.cloudflare.com/cdn-cgi/beacon/expect-ct"',
133 silly get     'last-modified': 'Thu, 18 Oct 2018 16:28:07 GMT',
133 silly get     vary: 'accept-encoding, accept',
133 silly get     'x-amz-meta-rev': '39-7d47c100e311f9ffcc64a18ad535f8f5',
133 silly get     server: 'cloudflare' } ]
134 verbose etag https://registry.npmjs.org/isemail from cache
135 verbose get saving isemail to /home/gaojie/.npm/registry.npmjs.org/isemail/.cache.json
136 verbose get https://registry.npmjs.org/hoek not expired, no request
137 silly addNameRange number 2 { name: 'hoek', range: '>=6.0.0 <7.0.0', hasData: true }
138 silly addNameRange versions [ 'hoek',
138 silly addNameRange   [ '0.0.1',
138 silly addNameRange     '0.0.2',
138 silly addNameRange     '0.0.3',
138 silly addNameRange     '0.0.4',
138 silly addNameRange     '0.0.5',
138 silly addNameRange     '0.0.6',
138 silly addNameRange     '0.0.7',
138 silly addNameRange     '0.0.8',
138 silly addNameRange     '0.0.9',
138 silly addNameRange     '0.0.10',
138 silly addNameRange     '0.0.11',
138 silly addNameRange     '0.0.12',
138 silly addNameRange     '0.0.13',
138 silly addNameRange     '0.0.14',
138 silly addNameRange     '0.0.15',
138 silly addNameRange     '0.0.16',
138 silly addNameRange     '0.0.17',
138 silly addNameRange     '0.0.18',
138 silly addNameRange     '0.0.19',
138 silly addNameRange     '0.0.21',
138 silly addNameRange     '0.1.0',
138 silly addNameRange     '0.2.0',
138 silly addNameRange     '0.3.0',
138 silly addNameRange     '0.4.0',
138 silly addNameRange     '0.4.1',
138 silly addNameRange     '0.4.2',
138 silly addNameRange     '0.4.3',
138 silly addNameRange     '0.4.4',
138 silly addNameRange     '0.4.5',
138 silly addNameRange     '0.5.0',
138 silly addNameRange     '0.6.0',
138 silly addNameRange     '0.6.1',
138 silly addNameRange     '0.6.2',
138 silly addNameRange     '0.7.0',
138 silly addNameRange     '0.7.1',
138 silly addNameRange     '0.7.2',
138 silly addNameRange     '0.7.3',
138 silly addNameRange     '0.7.4',
138 silly addNameRange     '0.7.5',
138 silly addNameRange     '0.7.6',
138 silly addNameRange     '0.8.0',
138 silly addNameRange     '0.8.1',
138 silly addNameRange     '0.8.2',
138 silly addNameRange     '0.8.3',
138 silly addNameRange     '0.8.4',
138 silly addNameRange     '0.8.5',
138 silly addNameRange     '0.9.0',
138 silly addNameRange     '0.9.1',
138 silly addNameRange     '0.10.0',
138 silly addNameRange     '1.0.0',
138 silly addNameRange     '1.0.1',
138 silly addNameRange     '1.0.2',
138 silly addNameRange     '1.0.3',
138 silly addNameRange     '1.1.0',
138 silly addNameRange     '1.1.1',
138 silly addNameRange     '1.1.2',
138 silly addNameRange     '1.2.0',
138 silly addNameRange     '1.3.0',
138 silly addNameRange     '1.4.0',
138 silly addNameRange     '1.4.1',
138 silly addNameRange     '1.5.0',
138 silly addNameRange     '1.5.1',
138 silly addNameRange     '1.5.2',
138 silly addNameRange     '2.0.0',
138 silly addNameRange     '2.1.0',
138 silly addNameRange     '2.1.1',
138 silly addNameRange     '2.2.0',
138 silly addNameRange     '2.3.0',
138 silly addNameRange     '2.4.0',
138 silly addNameRange     '2.4.1',
138 silly addNameRange     '2.5.0',
138 silly addNameRange     '2.5.1',
138 silly addNameRange     '2.6.0',
138 silly addNameRange     '2.7.0',
138 silly addNameRange     '2.8.0',
138 silly addNameRange     '2.8.1',
138 silly addNameRange     '2.9.0',
138 silly addNameRange     '2.9.1',
138 silly addNameRange     '2.10.0',
138 silly addNameRange     '2.11.0',
138 silly addNameRange     '2.11.1',
138 silly addNameRange     '2.12.0',
138 silly addNameRange     '2.13.0',
138 silly addNameRange     '2.13.1',
138 silly addNameRange     '2.14.0',
138 silly addNameRange     '2.15.0',
138 silly addNameRange     '2.16.0',
138 silly addNameRange     '2.16.1',
138 silly addNameRange     '2.16.2',
138 silly addNameRange     '2.16.3',
138 silly addNameRange     '3.0.0',
138 silly addNameRange     '3.0.1',
138 silly addNameRange     '3.0.2',
138 silly addNameRange     '3.0.3',
138 silly addNameRange     '3.0.4',
138 silly addNameRange     '4.0.0',
138 silly addNameRange     '4.0.1',
138 silly addNameRange     '4.0.2',
138 silly addNameRange     '4.1.0',
138 silly addNameRange     '4.1.1',
138 silly addNameRange     ... 9 more items ] ]
139 silly addNamed hoek@6.0.1
140 verbose addNamed "6.0.1" is a plain semver version for hoek
141 silly cache afterAdd hoek@6.0.1
142 verbose afterAdd /home/gaojie/.npm/hoek/6.0.1/package/package.json not in flight; writing
143 silly resolveWithNewModule isemail@3.2.0 checking installable status
144 silly cache add args [ 'isemail@3.x.x', null ]
145 verbose cache add spec isemail@3.x.x
146 silly cache add parsed spec Result {
146 silly cache add   raw: 'isemail@3.x.x',
146 silly cache add   scope: null,
146 silly cache add   name: 'isemail',
146 silly cache add   rawSpec: '3.x.x',
146 silly cache add   spec: '>=3.0.0 <4.0.0',
146 silly cache add   type: 'range' }
147 silly addNamed isemail@>=3.0.0 <4.0.0
148 verbose addNamed ">=3.0.0 <4.0.0" is a valid semver range for isemail
149 silly addNameRange { name: 'isemail', range: '>=3.0.0 <4.0.0', hasData: false }
150 silly mapToRegistry name isemail
151 silly mapToRegistry using default registry
152 silly mapToRegistry registry https://registry.npmjs.org/
153 silly mapToRegistry uri https://registry.npmjs.org/isemail
154 verbose addNameRange registry:https://registry.npmjs.org/isemail not in flight; fetching
155 verbose get https://registry.npmjs.org/isemail not expired, no request
156 silly addNameRange number 2 { name: 'isemail', range: '>=3.0.0 <4.0.0', hasData: true }
157 silly addNameRange versions [ 'isemail',
157 silly addNameRange   [ '0.1.0',
157 silly addNameRange     '0.1.1',
157 silly addNameRange     '0.1.2',
157 silly addNameRange     '1.0.0',
157 silly addNameRange     '1.0.1',
157 silly addNameRange     '1.1.0',
157 silly addNameRange     '1.1.1',
157 silly addNameRange     '1.1.2',
157 silly addNameRange     '1.2.0',
157 silly addNameRange     '2.0.0',
157 silly addNameRange     '2.1.0',
157 silly addNameRange     '2.1.2',
157 silly addNameRange     '2.2.0',
157 silly addNameRange     '2.2.1',
157 silly addNameRange     '3.0.0',
157 silly addNameRange     '3.1.0',
157 silly addNameRange     '3.1.1',
157 silly addNameRange     '3.1.2',
157 silly addNameRange     '3.1.3',
157 silly addNameRange     '3.1.4',
157 silly addNameRange     '3.2.0' ] ]
158 silly addNamed isemail@3.2.0
159 verbose addNamed "3.2.0" is a plain semver version for isemail
160 verbose afterAdd /home/gaojie/.npm/hoek/6.0.1/package/package.json written
161 silly cache afterAdd isemail@3.2.0
162 verbose afterAdd /home/gaojie/.npm/isemail/3.2.0/package/package.json not in flight; writing
163 verbose afterAdd /home/gaojie/.npm/isemail/3.2.0/package/package.json written
164 silly fetchNamedPackageData punycode
165 silly mapToRegistry name punycode
166 silly mapToRegistry using default registry
167 silly mapToRegistry registry https://registry.npmjs.org/
168 silly mapToRegistry uri https://registry.npmjs.org/punycode
169 verbose request uri https://registry.npmjs.org/punycode
170 verbose request no auth needed
171 info attempt registry request try #1 at 5:59:10 PM
172 verbose etag W/"27ef686d9a29403de9242fe625c85934"
173 verbose lastModified Sun, 27 May 2018 13:11:15 GMT
174 http request GET https://registry.npmjs.org/punycode
175 http 304 https://registry.npmjs.org/punycode
176 verbose headers { date: 'Sun, 04 Nov 2018 23:59:10 GMT',
176 verbose headers   connection: 'keep-alive',
176 verbose headers   'set-cookie':
176 verbose headers    [ '__cfduid=daf19ee3344ca0bd3a47cf2c68a0dbec41541375950; expires=Mon, 04-Nov-19 23:59:10 GMT; path=/; domain=.registry.npmjs.org; HttpOnly' ],
176 verbose headers   'cf-cache-status': 'HIT',
176 verbose headers   'cache-control': 'max-age=300',
176 verbose headers   'cf-ray': '474b086c0f9f9ade-DFW',
176 verbose headers   etag: '"27ef686d9a29403de9242fe625c85934"',
176 verbose headers   'expect-ct': 'max-age=604800, report-uri="https://report-uri.cloudflare.com/cdn-cgi/beacon/expect-ct"',
176 verbose headers   'last-modified': 'Sun, 27 May 2018 13:11:15 GMT',
176 verbose headers   vary: 'accept-encoding, accept',
176 verbose headers   server: 'cloudflare' }
177 silly get cb [ 304,
177 silly get   { date: 'Sun, 04 Nov 2018 23:59:10 GMT',
177 silly get     connection: 'keep-alive',
177 silly get     'set-cookie':
177 silly get      [ '__cfduid=daf19ee3344ca0bd3a47cf2c68a0dbec41541375950; expires=Mon, 04-Nov-19 23:59:10 GMT; path=/; domain=.registry.npmjs.org; HttpOnly' ],
177 silly get     'cf-cache-status': 'HIT',
177 silly get     'cache-control': 'max-age=300',
177 silly get     'cf-ray': '474b086c0f9f9ade-DFW',
177 silly get     etag: '"27ef686d9a29403de9242fe625c85934"',
177 silly get     'expect-ct': 'max-age=604800, report-uri="https://report-uri.cloudflare.com/cdn-cgi/beacon/expect-ct"',
177 silly get     'last-modified': 'Sun, 27 May 2018 13:11:15 GMT',
177 silly get     vary: 'accept-encoding, accept',
177 silly get     server: 'cloudflare' } ]
178 verbose etag https://registry.npmjs.org/punycode from cache
179 verbose get saving punycode to /home/gaojie/.npm/registry.npmjs.org/punycode/.cache.json
180 silly resolveWithNewModule punycode@2.1.1 checking installable status
181 silly cache add args [ 'punycode@2.x.x', null ]
182 verbose cache add spec punycode@2.x.x
183 silly cache add parsed spec Result {
183 silly cache add   raw: 'punycode@2.x.x',
183 silly cache add   scope: null,
183 silly cache add   name: 'punycode',
183 silly cache add   rawSpec: '2.x.x',
183 silly cache add   spec: '>=2.0.0 <3.0.0',
183 silly cache add   type: 'range' }
184 silly addNamed punycode@>=2.0.0 <3.0.0
185 verbose addNamed ">=2.0.0 <3.0.0" is a valid semver range for punycode
186 silly addNameRange { name: 'punycode', range: '>=2.0.0 <3.0.0', hasData: false }
187 silly mapToRegistry name punycode
188 silly mapToRegistry using default registry
189 silly mapToRegistry registry https://registry.npmjs.org/
190 silly mapToRegistry uri https://registry.npmjs.org/punycode
191 verbose addNameRange registry:https://registry.npmjs.org/punycode not in flight; fetching
192 verbose get https://registry.npmjs.org/punycode not expired, no request
193 silly addNameRange number 2 { name: 'punycode', range: '>=2.0.0 <3.0.0', hasData: true }
194 silly addNameRange versions [ 'punycode',
194 silly addNameRange   [ '0.0.1',
194 silly addNameRange     '0.0.2',
194 silly addNameRange     '0.0.1337',
194 silly addNameRange     '0.1.0',
194 silly addNameRange     '0.1.1',
194 silly addNameRange     '0.1.2',
194 silly addNameRange     '0.2.0',
194 silly addNameRange     '0.2.1',
194 silly addNameRange     '0.2.2',
194 silly addNameRange     '0.3.0',
194 silly addNameRange     '1.0.0',
194 silly addNameRange     '1.1.0',
194 silly addNameRange     '1.1.1',
194 silly addNameRange     '1.2.0',
194 silly addNameRange     '1.2.1',
194 silly addNameRange     '1.2.2',
194 silly addNameRange     '1.2.3',
194 silly addNameRange     '1.2.4',
194 silly addNameRange     '1.3.0',
194 silly addNameRange     '1.3.1',
194 silly addNameRange     '1.3.2',
194 silly addNameRange     '1.4.0',
194 silly addNameRange     '1.4.1',
194 silly addNameRange     '2.0.0',
194 silly addNameRange     '2.0.1',
194 silly addNameRange     '2.1.0',
194 silly addNameRange     '2.1.1' ] ]
195 silly addNamed punycode@2.1.1
196 verbose addNamed "2.1.1" is a plain semver version for punycode
197 silly cache afterAdd punycode@2.1.1
198 verbose afterAdd /home/gaojie/.npm/punycode/2.1.1/package/package.json not in flight; writing
199 verbose afterAdd /home/gaojie/.npm/punycode/2.1.1/package/package.json written
200 silly loadAllDepsIntoIdealTree Finishing
201 silly idealTree:prePrune ExpressJS
201 silly idealTree:prePrune ├── hoek@6.0.1
201 silly idealTree:prePrune ├── isemail@3.2.0
201 silly idealTree:prePrune ├── joi@14.0.4
201 silly idealTree:prePrune ├── punycode@2.1.1
201 silly idealTree:prePrune └── topo@3.0.3
202 silly loadIdealTree Finishing
203 silly currentTree ExpressJS
203 silly currentTree ├── hoek@6.0.1
203 silly currentTree ├── isemail@3.2.0
203 silly currentTree ├── joi@14.0.4
203 silly currentTree ├── punycode@2.1.1
203 silly currentTree └── topo@3.0.3
204 silly idealTree ExpressJS
204 silly idealTree ├── hoek@6.0.1
204 silly idealTree ├── isemail@3.2.0
204 silly idealTree ├── joi@14.0.4
204 silly idealTree ├── punycode@2.1.1
204 silly idealTree └── topo@3.0.3
205 silly generateActionsToTake Starting
206 silly install generateActionsToTake
207 warn checkPermissions Missing write access to /home/gaojie/Documents/techInterview/js/ExpressJS/node_modules
208 silly rollbackFailedOptional Starting
209 silly rollbackFailedOptional Finishing
210 silly runTopLevelLifecycles Starting
211 silly runTopLevelLifecycles Finishing
212 silly install printInstalled
213 warn enoent ENOENT: no such file or directory, open '/home/gaojie/Documents/techInterview/js/ExpressJS/package.json'
214 warn ExpressJS No description
215 warn ExpressJS No repository field.
216 warn ExpressJS No README data
217 warn ExpressJS No license field.
218 verbose stack Error: EACCES: permission denied, access '/home/gaojie/Documents/techInterview/js/ExpressJS/node_modules'
219 verbose cwd /home/gaojie/Documents/techInterview/js/ExpressJS
220 error Linux 4.15.0-33-generic
221 error argv "/usr/bin/node" "/usr/bin/npm" "i" "joi"
222 error node v8.10.0
223 error npm  v3.5.2
224 error path /home/gaojie/Documents/techInterview/js/ExpressJS/node_modules
225 error code EACCES
226 error errno -13
227 error syscall access
228 error Error: EACCES: permission denied, access '/home/gaojie/Documents/techInterview/js/ExpressJS/node_modules'
228 error  { Error: EACCES: permission denied, access '/home/gaojie/Documents/techInterview/js/ExpressJS/node_modules'
228 error   errno: -13,
228 error   code: 'EACCES',
228 error   syscall: 'access',
228 error   path: '/home/gaojie/Documents/techInterview/js/ExpressJS/node_modules' }
229 error Please try running this command again as root/Administrator.
230 verbose exit [ -13, true ]
